{"/Users/Owen/search-engine/backend/addUrlBias.js": {"path":"/Users/Owen/search-engine/backend/addUrlBias.js","statementMap":{"0":{"start":{"line":2,"column":4},"end":{"line":6,"column":5}},"1":{"start":{"line":3,"column":8},"end":{"line":5,"column":9}},"2":{"start":{"line":4,"column":12},"end":{"line":4,"column":93}},"3":{"start":{"line":7,"column":4},"end":{"line":7,"column":19}},"4":{"start":{"line":10,"column":0},"end":{"line":10,"column":28}}},"fnMap":{"0":{"name":"addUrlBias","decl":{"start":{"line":1,"column":9},"end":{"line":1,"column":19}},"loc":{"start":{"line":1,"column":48},"end":{"line":8,"column":1}},"line":1}},"branchMap":{"0":{"loc":{"start":{"line":1,"column":36},"end":{"line":1,"column":46}},"type":"default-arg","locations":[{"start":{"line":1,"column":43},"end":{"line":1,"column":46}}],"line":1},"1":{"loc":{"start":{"line":4,"column":12},"end":{"line":4,"column":92}},"type":"cond-expr","locations":[{"start":{"line":4,"column":33},"end":{"line":4,"column":58}},{"start":{"line":4,"column":61},"end":{"line":4,"column":92}}],"line":4}},"s":{"0":1,"1":42,"2":210,"3":1,"4":1},"f":{"0":1},"b":{"0":[1],"1":[2,208]},"_coverageSchema":"1a1c01bbd47fc00a2c39e90264f33305004495a9","hash":"d35de659b1a2b66ac115fdc0e311ec06f54e264b"}
,"/Users/Owen/search-engine/backend/handlers.js": {"path":"/Users/Owen/search-engine/backend/handlers.js","statementMap":{"0":{"start":{"line":1,"column":17},"end":{"line":1,"column":43}},"1":{"start":{"line":2,"column":39},"end":{"line":2,"column":59}},"2":{"start":{"line":3,"column":35},"end":{"line":3,"column":53}},"3":{"start":{"line":4,"column":19},"end":{"line":4,"column":42}},"4":{"start":{"line":8,"column":21},"end":{"line":8,"column":37}},"5":{"start":{"line":9,"column":23},"end":{"line":9,"column":25}},"6":{"start":{"line":10,"column":23},"end":{"line":10,"column":25}},"7":{"start":{"line":15,"column":4},"end":{"line":22,"column":5}},"8":{"start":{"line":17,"column":21},"end":{"line":17,"column":37}},"9":{"start":{"line":19,"column":8},"end":{"line":21,"column":9}},"10":{"start":{"line":20,"column":12},"end":{"line":20,"column":36}},"11":{"start":{"line":24,"column":18},"end":{"line":24,"column":61}},"12":{"start":{"line":25,"column":4},"end":{"line":25,"column":48}},"13":{"start":{"line":27,"column":4},"end":{"line":27,"column":19}},"14":{"start":{"line":31,"column":4},"end":{"line":31,"column":116}},"15":{"start":{"line":34,"column":0},"end":{"line":34,"column":50}}},"fnMap":{"0":{"name":"handleQuery","decl":{"start":{"line":6,"column":15},"end":{"line":6,"column":26}},"loc":{"start":{"line":6,"column":34},"end":{"line":28,"column":1}},"line":6},"1":{"name":"handleFetchByID","decl":{"start":{"line":30,"column":9},"end":{"line":30,"column":24}},"loc":{"start":{"line":30,"column":29},"end":{"line":32,"column":1}},"line":30}},"branchMap":{"0":{"loc":{"start":{"line":31,"column":11},"end":{"line":31,"column":115}},"type":"cond-expr","locations":[{"start":{"line":31,"column":38},"end":{"line":31,"column":61}},{"start":{"line":31,"column":64},"end":{"line":31,"column":115}}],"line":31}},"s":{"0":1,"1":1,"2":1,"3":1,"4":1,"5":1,"6":1,"7":1,"8":1,"9":1,"10":5,"11":1,"12":1,"13":1,"14":0,"15":1},"f":{"0":1,"1":0},"b":{"0":[0,0]},"_coverageSchema":"1a1c01bbd47fc00a2c39e90264f33305004495a9","hash":"df09502875a63e7a24a42558fc25f215a21260c4"}
,"/Users/Owen/search-engine/backend/scraper.js": {"path":"/Users/Owen/search-engine/backend/scraper.js","statementMap":{"0":{"start":{"line":1,"column":17},"end":{"line":1,"column":43}},"1":{"start":{"line":2,"column":36},"end":{"line":2,"column":54}},"2":{"start":{"line":5,"column":14},"end":{"line":5,"column":35}},"3":{"start":{"line":8,"column":4},"end":{"line":8,"column":40}},"4":{"start":{"line":13,"column":24},"end":{"line":13,"column":26}},"5":{"start":{"line":14,"column":23},"end":{"line":14,"column":25}},"6":{"start":{"line":15,"column":25},"end":{"line":15,"column":27}},"7":{"start":{"line":17,"column":4},"end":{"line":19,"column":5}},"8":{"start":{"line":18,"column":8},"end":{"line":18,"column":39}},"9":{"start":{"line":21,"column":4},"end":{"line":26,"column":10}},"10":{"start":{"line":23,"column":12},"end":{"line":25,"column":13}},"11":{"start":{"line":24,"column":16},"end":{"line":24,"column":50}},"12":{"start":{"line":28,"column":4},"end":{"line":33,"column":10}},"13":{"start":{"line":30,"column":12},"end":{"line":32,"column":13}},"14":{"start":{"line":31,"column":16},"end":{"line":31,"column":42}},"15":{"start":{"line":34,"column":4},"end":{"line":34,"column":26}},"16":{"start":{"line":39,"column":18},"end":{"line":39,"column":20}},"17":{"start":{"line":40,"column":16},"end":{"line":40,"column":18}},"18":{"start":{"line":43,"column":4},"end":{"line":45,"column":5}},"19":{"start":{"line":44,"column":8},"end":{"line":44,"column":43}},"20":{"start":{"line":47,"column":4},"end":{"line":51,"column":5}},"21":{"start":{"line":48,"column":8},"end":{"line":48,"column":43}},"22":{"start":{"line":50,"column":8},"end":{"line":50,"column":25}},"23":{"start":{"line":53,"column":14},"end":{"line":53,"column":15}},"24":{"start":{"line":55,"column":4},"end":{"line":62,"column":5}},"25":{"start":{"line":57,"column":20},"end":{"line":57,"column":21}},"26":{"start":{"line":58,"column":8},"end":{"line":60,"column":9}},"27":{"start":{"line":59,"column":12},"end":{"line":59,"column":53}},"28":{"start":{"line":61,"column":8},"end":{"line":61,"column":47}},"29":{"start":{"line":64,"column":4},"end":{"line":64,"column":19}},"30":{"start":{"line":68,"column":20},"end":{"line":68,"column":43}},"31":{"start":{"line":69,"column":4},"end":{"line":69,"column":37}},"32":{"start":{"line":72,"column":0},"end":{"line":72,"column":58}}},"fnMap":{"0":{"name":"countOccurences","decl":{"start":{"line":7,"column":9},"end":{"line":7,"column":24}},"loc":{"start":{"line":7,"column":34},"end":{"line":9,"column":1}},"line":7},"1":{"name":"scrapePages","decl":{"start":{"line":11,"column":15},"end":{"line":11,"column":26}},"loc":{"start":{"line":11,"column":36},"end":{"line":35,"column":1}},"line":11},"2":{"name":"(anonymous_2)","decl":{"start":{"line":22,"column":14},"end":{"line":22,"column":15}},"loc":{"start":{"line":22,"column":27},"end":{"line":26,"column":9}},"line":22},"3":{"name":"(anonymous_3)","decl":{"start":{"line":29,"column":14},"end":{"line":29,"column":15}},"loc":{"start":{"line":29,"column":27},"end":{"line":33,"column":9}},"line":29},"4":{"name":"getMatches","decl":{"start":{"line":37,"column":15},"end":{"line":37,"column":25}},"loc":{"start":{"line":37,"column":33},"end":{"line":65,"column":1}},"line":37},"5":{"name":"getOrderedOccurenceList","decl":{"start":{"line":67,"column":15},"end":{"line":67,"column":38}},"loc":{"start":{"line":67,"column":46},"end":{"line":70,"column":1}},"line":67}},"branchMap":{"0":{"loc":{"start":{"line":8,"column":12},"end":{"line":8,"column":31}},"type":"binary-expr","locations":[{"start":{"line":8,"column":12},"end":{"line":8,"column":25}},{"start":{"line":8,"column":29},"end":{"line":8,"column":31}}],"line":8}},"s":{"0":2,"1":2,"2":2,"3":210,"4":2,"5":2,"6":2,"7":2,"8":84,"9":2,"10":2,"11":84,"12":2,"13":2,"14":84,"15":2,"16":1,"17":1,"18":1,"19":5,"20":1,"21":1,"22":0,"23":1,"24":1,"25":42,"26":42,"27":210,"28":42,"29":1,"30":1,"31":1,"32":2},"f":{"0":210,"1":2,"2":2,"3":2,"4":1,"5":1},"b":{"0":[210,138]},"_coverageSchema":"1a1c01bbd47fc00a2c39e90264f33305004495a9","hash":"f315290f3a848e540730adb68db2023048ddb28d"}
,"/Users/Owen/search-engine/backend/utils.js": {"path":"/Users/Owen/search-engine/backend/utils.js","statementMap":{"0":{"start":{"line":1,"column":17},"end":{"line":1,"column":43}},"1":{"start":{"line":2,"column":13},"end":{"line":2,"column":31}},"2":{"start":{"line":3,"column":19},"end":{"line":3,"column":36}},"3":{"start":{"line":6,"column":4},"end":{"line":6,"column":55}},"4":{"start":{"line":10,"column":4},"end":{"line":15,"column":5}},"5":{"start":{"line":11,"column":8},"end":{"line":11,"column":17}},"6":{"start":{"line":14,"column":8},"end":{"line":14,"column":38}},"7":{"start":{"line":19,"column":14},"end":{"line":19,"column":28}},"8":{"start":{"line":20,"column":4},"end":{"line":31,"column":5}},"9":{"start":{"line":22,"column":8},"end":{"line":30,"column":9}},"10":{"start":{"line":24,"column":30},"end":{"line":24,"column":54}},"11":{"start":{"line":25,"column":12},"end":{"line":27,"column":13}},"12":{"start":{"line":26,"column":16},"end":{"line":26,"column":36}},"13":{"start":{"line":29,"column":12},"end":{"line":29,"column":26}},"14":{"start":{"line":32,"column":4},"end":{"line":32,"column":15}},"15":{"start":{"line":35,"column":0},"end":{"line":35,"column":57}}},"fnMap":{"0":{"name":"getRandIdx","decl":{"start":{"line":5,"column":9},"end":{"line":5,"column":19}},"loc":{"start":{"line":5,"column":22},"end":{"line":7,"column":1}},"line":5},"1":{"name":"sortByScore","decl":{"start":{"line":9,"column":9},"end":{"line":9,"column":20}},"loc":{"start":{"line":9,"column":27},"end":{"line":16,"column":1}},"line":9},"2":{"name":"spellCheck","decl":{"start":{"line":18,"column":9},"end":{"line":18,"column":19}},"loc":{"start":{"line":18,"column":25},"end":{"line":33,"column":1}},"line":18}},"branchMap":{"0":{"loc":{"start":{"line":10,"column":4},"end":{"line":15,"column":5}},"type":"if","locations":[{"start":{"line":10,"column":4},"end":{"line":15,"column":5}},{"start":{"line":10,"column":4},"end":{"line":15,"column":5}}],"line":10},"1":{"loc":{"start":{"line":14,"column":15},"end":{"line":14,"column":37}},"type":"cond-expr","locations":[{"start":{"line":14,"column":31},"end":{"line":14,"column":33}},{"start":{"line":14,"column":36},"end":{"line":14,"column":37}}],"line":14},"2":{"loc":{"start":{"line":22,"column":8},"end":{"line":30,"column":9}},"type":"if","locations":[{"start":{"line":22,"column":8},"end":{"line":30,"column":9}},{"start":{"line":22,"column":8},"end":{"line":30,"column":9}}],"line":22}},"s":{"0":3,"1":3,"2":3,"3":1,"4":173,"5":22,"6":151,"7":1,"8":1,"9":5,"10":1,"11":1,"12":5,"13":1,"14":1,"15":3},"f":{"0":1,"1":173,"2":1},"b":{"0":[22,151],"1":[87,64],"2":[1,4]},"_coverageSchema":"1a1c01bbd47fc00a2c39e90264f33305004495a9","hash":"533332551429757a9c2b87db496955598a05915f"}
,"/Users/Owen/search-engine/backend/data/websites.js": {"path":"/Users/Owen/search-engine/backend/data/websites.js","statementMap":{"0":{"start":{"line":1,"column":17},"end":{"line":44,"column":1}},"1":{"start":{"line":46,"column":0},"end":{"line":46,"column":26}}},"fnMap":{},"branchMap":{},"s":{"0":3,"1":3},"f":{},"b":{},"_coverageSchema":"1a1c01bbd47fc00a2c39e90264f33305004495a9","hash":"82c6e6012f417b6b4a0b5d82b5ac84a63c687e8c"}
}
