TN:
SF:addUrlBias.js
FN:1,addUrlBias
FNF:1
FNH:1
FNDA:1,addUrlBias
DA:2,1
DA:3,42
DA:4,210
DA:7,1
DA:10,1
LF:5
LH:5
BRDA:1,0,0,1
BRDA:4,1,0,2
BRDA:4,1,1,208
BRF:3
BRH:3
end_of_record
TN:
SF:handlers.js
FN:6,handleQuery
FN:30,handleFetchByID
FNF:2
FNH:1
FNDA:1,handleQuery
FNDA:0,handleFetchByID
DA:1,1
DA:2,1
DA:3,1
DA:4,1
DA:8,1
DA:9,1
DA:10,1
DA:15,1
DA:17,1
DA:19,1
DA:20,5
DA:24,1
DA:25,1
DA:27,1
DA:31,0
DA:34,1
LF:16
LH:15
BRDA:31,0,0,0
BRDA:31,0,1,0
BRF:2
BRH:0
end_of_record
TN:
SF:scraper.js
FN:7,countOccurences
FN:11,scrapePages
FN:22,(anonymous_2)
FN:29,(anonymous_3)
FN:37,getMatches
FN:67,getOrderedOccurenceList
FNF:6
FNH:6
FNDA:210,countOccurences
FNDA:2,scrapePages
FNDA:2,(anonymous_2)
FNDA:2,(anonymous_3)
FNDA:1,getMatches
FNDA:1,getOrderedOccurenceList
DA:1,2
DA:2,2
DA:5,2
DA:8,210
DA:13,2
DA:14,2
DA:15,2
DA:17,2
DA:18,84
DA:21,2
DA:23,2
DA:24,84
DA:28,2
DA:30,2
DA:31,84
DA:34,2
DA:39,1
DA:40,1
DA:43,1
DA:44,5
DA:47,1
DA:48,1
DA:50,0
DA:53,1
DA:55,1
DA:57,42
DA:58,42
DA:59,210
DA:61,42
DA:64,1
DA:68,1
DA:69,1
DA:72,2
LF:33
LH:32
BRDA:8,0,0,210
BRDA:8,0,1,138
BRF:2
BRH:2
end_of_record
TN:
SF:utils.js
FN:5,getRandIdx
FN:9,sortByScore
FN:18,spellCheck
FNF:3
FNH:3
FNDA:1,getRandIdx
FNDA:173,sortByScore
FNDA:1,spellCheck
DA:1,3
DA:2,3
DA:3,3
DA:6,1
DA:10,173
DA:11,22
DA:14,151
DA:19,1
DA:20,1
DA:22,5
DA:24,1
DA:25,1
DA:26,5
DA:29,1
DA:32,1
DA:35,3
LF:16
LH:16
BRDA:10,0,0,22
BRDA:10,0,1,151
BRDA:14,1,0,87
BRDA:14,1,1,64
BRDA:22,2,0,1
BRDA:22,2,1,4
BRF:6
BRH:6
end_of_record
TN:
SF:data/websites.js
FNF:0
FNH:0
DA:1,3
DA:46,3
LF:2
LH:2
BRF:0
BRH:0
end_of_record
